
Showing logs for build [32mcb-kubecd-bdd-nh-1584968900-mas-ncpr7-1[0m stage [32mfrom-build-pack[0m and container [32mstep-credential-initializer-lvnm5[0m
{"level":"warn","ts":1584969068.2520409,"logger":"fallback-logger","caller":"logging/config.go:69","msg":"Fetch GitHub commit ID from kodata failed: \"ref: refs/heads/0.8.0-**-support-backwards-incompats\" is not a valid GitHub commit ID"}
{"level":"info","ts":1584969068.252401,"logger":"fallback-logger","caller":"creds-init/main.go:40","msg":"Credentials initialized."}

Showing logs for build [32mcb-kubecd-bdd-nh-1584968900-mas-ncpr7-1[0m stage [32mfrom-build-pack[0m and container [32mstep-working-dir-initializer-czqrh[0m
{"level":"warn","ts":1584969069.2429812,"logger":"fallback-logger","caller":"logging/config.go:69","msg":"Fetch GitHub commit ID from kodata failed: open /var/run/ko/HEAD: no such file or directory"}
{"level":"info","ts":1584969069.2438169,"logger":"fallback-logger","caller":"bash/main.go:64","msg":"Successfully executed command \"sh -c mkdir -p /workspace/source\"; output "}

Showing logs for build [32mcb-kubecd-bdd-nh-1584968900-mas-ncpr7-1[0m stage [32mfrom-build-pack[0m and container [32mstep-place-tools[0m

Showing logs for build [32mcb-kubecd-bdd-nh-1584968900-mas-ncpr7-1[0m stage [32mfrom-build-pack[0m and container [32mstep-git-source-cb-kubecd-bdd-nh-1584968900-mas-ncpr7-jhtc6[0m
{"level":"warn","ts":1584969092.299497,"logger":"fallback-logger","caller":"logging/config.go:69","msg":"Fetch GitHub commit ID from kodata failed: \"ref: refs/heads/0.8.0-**-support-backwards-incompats\" is not a valid GitHub commit ID"}
{"level":"info","ts":1584969092.526409,"logger":"fallback-logger","caller":"git/git.go:103","msg":"Successfully cloned https://github.com/cb-kubecd/bdd-nh-1584968900.git @ v0.0.1 in path /workspace/source"}

Showing logs for build [32mcb-kubecd-bdd-nh-1584968900-mas-ncpr7-1[0m stage [32mfrom-build-pack[0m and container [32mstep-git-merge[0m
Using SHAs from PULL_REFS=master:d5d8b3eacb5a5c5b6d4f86d8343482e141c30efb
WARNING: no SHAs to merge, falling back to initial cloned commit

Showing logs for build [32mcb-kubecd-bdd-nh-1584968900-mas-ncpr7-1[0m stage [32mfrom-build-pack[0m and container [32mstep-setup-jx-git-credentials[0m
Generated Git credentials file /workspace/xdg_config/git/credentials

Showing logs for build [32mcb-kubecd-bdd-nh-1584968900-mas-ncpr7-1[0m stage [32mfrom-build-pack[0m and container [32mstep-build-npmrc[0m
Command "credential" is deprecated, it will be removed on Jun 1 2020.  This is replaced by Tekton's mounted secrets
WARNING: failed to find Secret npm-token in namespace **

Showing logs for build [32mcb-kubecd-bdd-nh-1584968900-mas-ncpr7-1[0m stage [32mfrom-build-pack[0m and container [32mstep-build-npm-install[0m
npm notice created a lockfile as package-lock.json. You should commit this file.
npm WARN REPLACE_ME@1.0.0 No repository field.
npm WARN REPLACE_ME@1.0.0 No license field.

up to date in 0.22s
found 0 vulnerabilities


Showing logs for build [32mcb-kubecd-bdd-nh-1584968900-mas-ncpr7-1[0m stage [32mfrom-build-pack[0m and container [32mstep-build-npm-test[0m

> REPLACE_ME@1.0.0 test /workspace/source
> echo "no test specified" && exit 0

no test specified

Showing logs for build [32mcb-kubecd-bdd-nh-1584968900-mas-ncpr7-1[0m stage [32mfrom-build-pack[0m and container [32mstep-build-container-build[0m
[36mINFO[0m[0000] Downloading base image node:9-slim           
2020/03/23 13:12:22 No matching credentials were found, falling back on anonymous
[36mINFO[0m[0000] Error while retrieving image from cache: getting file info: stat /workspace/sha256:0e0175bbe4f8d9d104590d8d2c591017874e30977cb71aaff1cf6fa99479575c: no such file or directory 
[36mINFO[0m[0000] Downloading base image node:9-slim           
2020/03/23 13:12:23 No matching credentials were found, falling back on anonymous
[36mINFO[0m[0000] Executing 0 build triggers                   
[36mINFO[0m[0000] cmd: EXPOSE                                  
[36mINFO[0m[0000] Adding exposed port: 8080/tcp                
[36mINFO[0m[0000] Using files from context: [/workspace/source] 
[36mINFO[0m[0000] Skipping unpacking as no commands require it. 
[36mINFO[0m[0000] Taking snapshot of full filesystem...        
[36mINFO[0m[0000] ENV PORT 8080                                
[36mINFO[0m[0000] No files changed in this command, skipping snapshotting. 
[36mINFO[0m[0000] EXPOSE 8080                                  
[36mINFO[0m[0000] cmd: EXPOSE                                  
[36mINFO[0m[0000] Adding exposed port: 8080/tcp                
[36mINFO[0m[0000] No files changed in this command, skipping snapshotting. 
[36mINFO[0m[0000] WORKDIR /usr/src/app                         
[36mINFO[0m[0000] cmd: workdir                                 
[36mINFO[0m[0000] Changed working directory to /usr/src/app    
[36mINFO[0m[0000] Creating directory /usr/src/app              
[36mINFO[0m[0000] Taking snapshot of files...                  
[36mINFO[0m[0000] Using files from context: [/workspace/source] 
[36mINFO[0m[0000] COPY . .                                     
[36mINFO[0m[0000] Taking snapshot of files...                  
[36mINFO[0m[0000] CMD ["npm", "start"]                         
[36mINFO[0m[0000] No files changed in this command, skipping snapshotting. 
2020/03/23 13:12:24 pushed blob: sha256:303500b5b67f6d6f9f38f5c8677e648a7e52e7cf29f36a0f3f65b33294e93d6a
2020/03/23 13:12:24 pushed blob: sha256:6856deae9405ac9b8a69ad0b43137d2c13488d0d1d14198a2b449eb5b8436f66
2020/03/23 13:12:24 pushed blob: sha256:7d083412657baa2dafba8d093034ef26f9ed2c90fb6ed95f76bb55aff03ed429
2020/03/23 13:12:24 pushed blob: sha256:196b8e3c919d5639193ba6c6e54774528942041bbc37606631a2250502985c3c
2020/03/23 13:12:24 pushed blob: sha256:e01bd28a434b56ffd2a3fe9aa99b9b69aecca69904843edd30b1ee7150d79904
2020/03/23 13:12:24 pushed blob: sha256:3309ce15bcf8cef1bb79daf57181fff7a126a3014c673e88f8bf9e939259175c
2020/03/23 13:12:26 pushed blob: sha256:a88538b9cd05cfa611e43a25582a95ad7879f6fa708b0386a26b71ee62235bb3
2020/03/23 13:12:26 pushed blob: sha256:5bba3ecb4cd6374a19da45f2a3db0a9c0804984358b3bb4b666c28944016e5ff
2020/03/23 13:12:26 296178596335.dkr.ecr.us-east-1.amazonaws.com/cb-kubecd/bdd-nh-1584968900:0.0.1: digest: sha256:5f372f3420d5f45049ea378ec1620257d4e2c4ae6722ad7f3347ac31f7952579 size: 1404

Showing logs for build [32mcb-kubecd-bdd-nh-1584968900-mas-ncpr7-1[0m stage [32mfrom-build-pack[0m and container [32mstep-build-post-build[0m
no CVE provider running in the current ** namespace so skip adding image to be analysed

Showing logs for build [32mcb-kubecd-bdd-nh-1584968900-mas-ncpr7-1[0m stage [32mfrom-build-pack[0m and container [32mstep-promote-changelog[0m
Converted /workspace/source/charts/bdd-nh-1584968900 to an unshallow repository
Generating change log from git ref dc72be91a9ffd6bec6c4649548f8cda97a144f47 => 384e2d7b30ba331cdaa9c506b78ead78ed5bb438
Associating user x-0 in users.jenkins.io with email c**d-bot@cloudbees.com to git GitProvider user with login -0 as emails match
Adding label jenkins.io/git-github-userid=-0 to user x-0 in users.jenkins.io
WARNING: Failed to enrich commit d5d8b3eacb5a5c5b6d4f86d8343482e141c30efb with issues: User.jenkins.io "x-0" is invalid: metadata.labels: Invalid value: "-0": a valid label must be an empty string or consist of alphanumeric characters, '-', '_' or '.', and must start and end with an alphanumeric character (e.g. 'MyValue',  or 'my_value',  or '12345', regex used for validation is '(([A-Za-z0-9][-A-Za-z0-9_.]*)?[A-Za-z0-9])?')
Associating user x-0 in users.jenkins.io with email c**d-bot@cloudbees.com to git GitProvider user with login -0 as emails match
Adding label jenkins.io/git-github-userid=-0 to user x-0 in users.jenkins.io
WARNING: Failed to enrich commit d5d8b3eacb5a5c5b6d4f86d8343482e141c30efb with issues: User.jenkins.io "x-0" is invalid: metadata.labels: Invalid value: "-0": a valid label must be an empty string or consist of alphanumeric characters, '-', '_' or '.', and must start and end with an alphanumeric character (e.g. 'MyValue',  or 'my_value',  or '12345', regex used for validation is '(([A-Za-z0-9][-A-Za-z0-9_.]*)?[A-Za-z0-9])?')
Finding issues in commit messages using git format
WARNING: No release found for cb-kubecd/bdd-nh-1584968900 and tag v0.0.1 so creating a new release
Updated the release information at https://github.com/cb-kubecd/bdd-nh-1584968900/releases/tag/v0.0.1
generated: /workspace/source/charts/bdd-nh-1584968900/templates/release.yaml
Created Release bdd-nh-1584968900-0-0-1 resource in namespace **
Updating PipelineActivity cb-kubecd-bdd-nh-1584968900-master-1 with version 0.0.1
Updated PipelineActivities cb-kubecd-bdd-nh-1584968900-master-1 with release notes URL: https://github.com/cb-kubecd/bdd-nh-1584968900/releases/tag/v0.0.1

Showing logs for build [32mcb-kubecd-bdd-nh-1584968900-mas-ncpr7-1[0m stage [32mfrom-build-pack[0m and container [32mstep-promote-helm-release[0m
WARNING: No $CHART_REPOSITORY defined so using the default value of: http://jenkins-x-chartmuseum:8080
Adding missing Helm repo: storage.googleapis.com https://storage.googleapis.com/chartmuseum.jenkins-x.io
WARNING: No secrets found on "helm/repos" due: reading the secret "helm/repos" from vault: no secret "helm/repos" not found in vault
Read credentials for https://storage.googleapis.com/chartmuseum.jenkins-x.io from vault helm/repos
Successfully added Helm repository storage.googleapis.com.
Adding missing Helm repo: jenkins-x-chartmuseum http://jenkins-x-chartmuseum:8080
WARNING: No secrets found on "helm/repos" due: reading the secret "helm/repos" from vault: no secret "helm/repos" not found in vault
Read credentials for http://jenkins-x-chartmuseum:8080 from vault helm/repos
Successfully added Helm repository jenkins-x-chartmuseum.
WARNING: No $CHART_REPOSITORY defined so using the default value of: http://jenkins-x-chartmuseum:8080
Uploading chart file bdd-nh-1584968900-0.0.1.tgz to http://jenkins-x-chartmuseum:8080/api/charts
Received 201 response: {"saved":true}

Showing logs for build [32mcb-kubecd-bdd-nh-1584968900-mas-ncpr7-1[0m stage [32mfrom-build-pack[0m and container [32mstep-promote-jx-promote[0m
WARNING: prow based install so skip waiting for the merge of Pull Requests to go green as currently there is an issue with gettingstatuses from the PR, see https://github.com/jenkins-x/**/issues/2410
WARNING: No $CHART_REPOSITORY defined so using the default value of: http://jenkins-x-chartmuseum:8080
Promoting app bdd-nh-1584968900 version 0.0.1 to namespace **-staging
WARNING: 
Created Pull Request: https://github.com/cb-kubecd/environment-pr-187-119-boot-eks-staging/pull/2
Added label updatebot to Pull Request https://github.com/cb-kubecd/environment-pr-187-119-boot-eks-staging/pull/2
got git provider status pending from PR https://github.com/cb-kubecd/environment-pr-187-119-boot-eks-staging/pull/2
got git provider status pending from PR https://github.com/cb-kubecd/environment-pr-187-119-boot-eks-staging/pull/2
got git provider status pending from PR https://github.com/cb-kubecd/environment-pr-187-119-boot-eks-staging/pull/2
got git provider status pending from PR https://github.com/cb-kubecd/environment-pr-187-119-boot-eks-staging/pull/2
got git provider status pending from PR https://github.com/cb-kubecd/environment-pr-187-119-boot-eks-staging/pull/2
Pull Request https://github.com/cb-kubecd/environment-pr-187-119-boot-eks-staging/pull/2 is merged at sha 872282763595dea1f51b82db8973c6c1d7111b3e
Pull Request merged but we are not waiting for the update pipeline to complete!
WARNING: Could not find the service URL in namespace **-staging for names bdd-nh-1584968900, **-bdd-nh-1584968900, **-staging-bdd-nh-1584968900
