
Showing logs for build [32mcb-kubecd-bdd-nh-1584968900-pr-zds9g-1[0m stage [32mfrom-build-pack[0m and container [32mstep-credential-initializer-8pblz[0m
{"level":"warn","ts":1584969997.7265966,"logger":"fallback-logger","caller":"logging/config.go:69","msg":"Fetch GitHub commit ID from kodata failed: \"ref: refs/heads/0.8.0-**-support-backwards-incompats\" is not a valid GitHub commit ID"}
{"level":"info","ts":1584969997.7268844,"logger":"fallback-logger","caller":"creds-init/main.go:40","msg":"Credentials initialized."}

Showing logs for build [32mcb-kubecd-bdd-nh-1584968900-pr-zds9g-1[0m stage [32mfrom-build-pack[0m and container [32mstep-working-dir-initializer-xsxgj[0m
{"level":"warn","ts":1584969998.8267941,"logger":"fallback-logger","caller":"logging/config.go:69","msg":"Fetch GitHub commit ID from kodata failed: open /var/run/ko/HEAD: no such file or directory"}
{"level":"info","ts":1584969998.82762,"logger":"fallback-logger","caller":"bash/main.go:64","msg":"Successfully executed command \"sh -c mkdir -p /workspace/source\"; output "}

Showing logs for build [32mcb-kubecd-bdd-nh-1584968900-pr-zds9g-1[0m stage [32mfrom-build-pack[0m and container [32mstep-place-tools[0m

Showing logs for build [32mcb-kubecd-bdd-nh-1584968900-pr-zds9g-1[0m stage [32mfrom-build-pack[0m and container [32mstep-git-source-cb-kubecd-bdd-nh-1584968900-pr-zds9g-zkvtf[0m
{"level":"warn","ts":1584970019.8950622,"logger":"fallback-logger","caller":"logging/config.go:69","msg":"Fetch GitHub commit ID from kodata failed: \"ref: refs/heads/0.8.0-**-support-backwards-incompats\" is not a valid GitHub commit ID"}
{"level":"info","ts":1584970020.0626538,"logger":"fallback-logger","caller":"git/git.go:103","msg":"Successfully cloned https://github.com/cb-kubecd/bdd-nh-1584968900.git @ master in path /workspace/source"}

Showing logs for build [32mcb-kubecd-bdd-nh-1584968900-pr-zds9g-1[0m stage [32mfrom-build-pack[0m and container [32mstep-git-merge[0m
Using SHAs from PULL_REFS=master:d5d8b3eacb5a5c5b6d4f86d8343482e141c30efb,1:ee412c12731c380d51735658e631ba6881a4161d
DEBUG: LC_ALL=C JX_LOG_LEVEL=error git fetch origin --unshallow ee412c12731c380d51735658e631ba6881a4161d: d5d8b3eacb5a5c5b6d4f86d8343482e141c30efb:
DEBUG: ran git fetch --unshallow origin ee412c12731c380d51735658e631ba6881a4161d: d5d8b3eacb5a5c5b6d4f86d8343482e141c30efb: in 
DEBUG: LC_ALL=C JX_LOG_LEVEL=error git branch
DEBUG: LC_ALL=C JX_LOG_LEVEL=error git checkout master
DEBUG: ran git checkout master in 
DEBUG: LC_ALL=C JX_LOG_LEVEL=error git reset --hard d5d8b3eacb5a5c5b6d4f86d8343482e141c30efb
DEBUG: ran git reset --hard d5d8b3eacb5a5c5b6d4f86d8343482e141c30efb in 
DEBUG: JX_LOG_LEVEL=error LC_ALL=C git clean -fd .
DEBUG: ran clean --force -d . in 
DEBUG: LC_ALL=C JX_LOG_LEVEL=error git merge ee412c12731c380d51735658e631ba6881a4161d
DEBUG: ran git merge ee412c12731c380d51735658e631ba6881a4161d in 
DEBUG: LC_ALL=C JX_LOG_LEVEL=error git log --format=%H%x1f%an%x1f%ae%x1f%cn%x1f%ce%x1f%s%n%b%x1e d5d8b3eacb5a5c5b6d4f86d8343482e141c30efb..HEAD
Merged SHA ee412c12731c380d51735658e631ba6881a4161d with commit message 'My first PR commit' into base branch master

Showing logs for build [32mcb-kubecd-bdd-nh-1584968900-pr-zds9g-1[0m stage [32mfrom-build-pack[0m and container [32mstep-build-npmrc[0m
Command "credential" is deprecated, it will be removed on Jun 1 2020.  This is replaced by Tekton's mounted secrets
WARNING: failed to find Secret npm-token in namespace **

Showing logs for build [32mcb-kubecd-bdd-nh-1584968900-pr-zds9g-1[0m stage [32mfrom-build-pack[0m and container [32mstep-build-npm-install[0m
npm notice created a lockfile as package-lock.json. You should commit this file.
npm WARN REPLACE_ME@1.0.0 No repository field.
npm WARN REPLACE_ME@1.0.0 No license field.

up to date in 0.235s
found 0 vulnerabilities


Showing logs for build [32mcb-kubecd-bdd-nh-1584968900-pr-zds9g-1[0m stage [32mfrom-build-pack[0m and container [32mstep-build-npm-test[0m

> REPLACE_ME@1.0.0 test /workspace/source
> echo "no test specified" && exit 0

no test specified

Showing logs for build [32mcb-kubecd-bdd-nh-1584968900-pr-zds9g-1[0m stage [32mfrom-build-pack[0m and container [32mstep-build-container-build[0m
[36mINFO[0m[0000] Downloading base image node:9-slim           
2020/03/23 13:27:05 No matching credentials were found, falling back on anonymous
[36mINFO[0m[0000] Error while retrieving image from cache: getting file info: stat /workspace/sha256:0e0175bbe4f8d9d104590d8d2c591017874e30977cb71aaff1cf6fa99479575c: no such file or directory 
[36mINFO[0m[0000] Downloading base image node:9-slim           
2020/03/23 13:27:05 No matching credentials were found, falling back on anonymous
[36mINFO[0m[0000] Executing 0 build triggers                   
[36mINFO[0m[0000] cmd: EXPOSE                                  
[36mINFO[0m[0000] Adding exposed port: 8080/tcp                
[36mINFO[0m[0000] Using files from context: [/workspace/source] 
[36mINFO[0m[0000] Skipping unpacking as no commands require it. 
[36mINFO[0m[0000] Taking snapshot of full filesystem...        
[36mINFO[0m[0000] ENV PORT 8080                                
[36mINFO[0m[0000] No files changed in this command, skipping snapshotting. 
[36mINFO[0m[0000] EXPOSE 8080                                  
[36mINFO[0m[0000] cmd: EXPOSE                                  
[36mINFO[0m[0000] Adding exposed port: 8080/tcp                
[36mINFO[0m[0000] No files changed in this command, skipping snapshotting. 
[36mINFO[0m[0000] WORKDIR /usr/src/app                         
[36mINFO[0m[0000] cmd: workdir                                 
[36mINFO[0m[0000] Changed working directory to /usr/src/app    
[36mINFO[0m[0000] Creating directory /usr/src/app              
[36mINFO[0m[0000] Taking snapshot of files...                  
[36mINFO[0m[0000] Using files from context: [/workspace/source] 
[36mINFO[0m[0000] COPY . .                                     
[36mINFO[0m[0000] Taking snapshot of files...                  
[36mINFO[0m[0000] CMD ["npm", "start"]                         
[36mINFO[0m[0000] No files changed in this command, skipping snapshotting. 
2020/03/23 13:27:05 existing blob: sha256:7d083412657baa2dafba8d093034ef26f9ed2c90fb6ed95f76bb55aff03ed429
2020/03/23 13:27:05 existing blob: sha256:5bba3ecb4cd6374a19da45f2a3db0a9c0804984358b3bb4b666c28944016e5ff
2020/03/23 13:27:05 existing blob: sha256:e01bd28a434b56ffd2a3fe9aa99b9b69aecca69904843edd30b1ee7150d79904
2020/03/23 13:27:05 existing blob: sha256:196b8e3c919d5639193ba6c6e54774528942041bbc37606631a2250502985c3c
2020/03/23 13:27:05 existing blob: sha256:a88538b9cd05cfa611e43a25582a95ad7879f6fa708b0386a26b71ee62235bb3
2020/03/23 13:27:06 pushed blob: sha256:7c30f23f45cea9344aecd5244af3a86624fb31824121b04a76074455c467022a
2020/03/23 13:27:06 pushed blob: sha256:98d50a504c78ea51c0c100ff98b212f28cff62c0fdf7bb08a23b852e4ea6c86e
2020/03/23 13:27:06 pushed blob: sha256:cdfa9a9cca8c9b0f5026cca87c4a0b445a62c037487c1bf976a3a5b6e434f4eb
2020/03/23 13:27:06 296178596335.dkr.ecr.us-east-1.amazonaws.com/cb-kubecd/bdd-nh-1584968900:0.0.0-SNAPSHOT-PR-1-1: digest: sha256:4dbbb7b364b10e17559e10a20b246f4bd863f356a60eb5da77d14b76994f7b33 size: 1404

Showing logs for build [32mcb-kubecd-bdd-nh-1584968900-pr-zds9g-1[0m stage [32mfrom-build-pack[0m and container [32mstep-postbuild-post-build[0m
no CVE provider running in the current ** namespace so skip adding image to be analysed

Showing logs for build [32mcb-kubecd-bdd-nh-1584968900-pr-zds9g-1[0m stage [32mfrom-build-pack[0m and container [32mstep-promote-make-preview[0m
sed -i -e "s/version:.*/version: 0.0.0-SNAPSHOT-PR-1-1/" Chart.yaml
sed -i -e "s/version:.*/version: 0.0.0-SNAPSHOT-PR-1-1/" ../*/Chart.yaml
sed -i -e "s|repository:.*|repository: 296178596335.dkr.ecr.us-east-1.amazonaws.com\/cb-kubecd\/bdd-nh-1584968900|" values.yaml
sed -i -e "s/tag:.*/tag: 0.0.0-SNAPSHOT-PR-1-1/" values.yaml
echo "  version: 0.0.0-SNAPSHOT-PR-1-1" >> requirements.yaml
** step helm build
WARNING: No $CHART_REPOSITORY defined so using the default value of: http://jenkins-x-chartmuseum:8080
Adding missing Helm repo: storage.googleapis.com https://storage.googleapis.com/chartmuseum.jenkins-x.io
WARNING: No secrets found on "helm/repos" due: reading the secret "helm/repos" from vault: no secret "helm/repos" not found in vault
Read credentials for https://storage.googleapis.com/chartmuseum.jenkins-x.io from vault helm/repos
Successfully added Helm repository storage.googleapis.com.
Adding missing Helm repo: jenkins-x-chartmuseum http://jenkins-x-chartmuseum:8080
WARNING: No secrets found on "helm/repos" due: reading the secret "helm/repos" from vault: no secret "helm/repos" not found in vault
Read credentials for http://jenkins-x-chartmuseum:8080 from vault helm/repos
Successfully added Helm repository jenkins-x-chartmuseum.
WARNING: No $CHART_REPOSITORY defined so using the default value of: http://jenkins-x-chartmuseum:8080
Adding missing Helm repo: chartmuseum.jenkins-x.io http://chartmuseum.jenkins-x.io
WARNING: No secrets found on "helm/repos" due: reading the secret "helm/repos" from vault: no secret "helm/repos" not found in vault
Read credentials for http://chartmuseum.jenkins-x.io from vault helm/repos
Successfully added Helm repository chartmuseum.jenkins-x.io.

Showing logs for build [32mcb-kubecd-bdd-nh-1584968900-pr-zds9g-1[0m stage [32mfrom-build-pack[0m and container [32mstep-promote-jx-preview[0m
Creating a preview
Created environment cb-kubecd-bdd-nh-1584968900-pr-1
Namespace **-cb-kubecd-bdd-nh-1584968900-pr-1 created 
expose:
  Annotations:
    helm.sh/hook: post-install,post-upgrade
    helm.sh/hook-delete-policy: hook-succeeded
  config:
    domain: 3.232.220.92.nip.io
    exposer: Ingress
    http: "true"
preview:
  image:
    repository: 296178596335.dkr.ecr.us-east-1.amazonaws.com/cb-kubecd/bdd-nh-1584968900
    tag: 0.0.0-SNAPSHOT-PR-1-1

Updating PipelineActivities cb-kubecd-bdd-nh-1584968900-pr-1-1 which has status 
WARNING: preview application http://bdd-nh-1584968900.**-cb-kubecd-bdd-nh-1584968900-pr-1.3.232.220.92.nip.io not available, error was 503 503 Service Temporarily Unavailable, delaying for: 781.330294ms
WARNING: preview application http://bdd-nh-1584968900.**-cb-kubecd-bdd-nh-1584968900-pr-1.3.232.220.92.nip.io not available, error was 503 503 Service Temporarily Unavailable, delaying for: 1.687642543s
Preview application is now available at: http://bdd-nh-1584968900.**-cb-kubecd-bdd-nh-1584968900-pr-1.3.232.220.92.nip.io
